2013-04-06T08:58:23+00:00 WARN (4): exception 'Core_Model_Exception' with message 'getSubject was called without first setting a subject.  Use hasSubject to check' in C:\xampp\htdocs\betabgood\application\modules\Core\Api\Core.php:54
Stack trace:
#0 C:\xampp\htdocs\betabgood\application\modules\Activity\View\Helper\ActivityLoop.php(34): Core_Api_Core->getSubject('group')
#1 [internal function]: Activity_View_Helper_ActivityLoop->activityLoop(Array, Array)
#2 C:\xampp\htdocs\betabgood\application\libraries\Zend\View\Abstract.php(342): call_user_func_array(Array, Array)
#3 C:\xampp\htdocs\betabgood\application\modules\Activity\widgets\feed\index.tpl(204): Zend_View_Abstract->__call('activityLoop', Array)
#4 C:\xampp\htdocs\betabgood\application\modules\Activity\widgets\feed\index.tpl(204): Zend_View->activityLoop(Array, Array)
#5 C:\xampp\htdocs\betabgood\application\libraries\Zend\View.php(108): include('C:\xampp\htdocs...')
#6 C:\xampp\htdocs\betabgood\application\libraries\Zend\View\Abstract.php(835): Zend_View->_run('C:\xampp\htdocs...')
#7 C:\xampp\htdocs\betabgood\application\libraries\Engine\Content\Widget\Abstract.php(292): Zend_View_Abstract->render('application/mod...')
#8 C:\xampp\htdocs\betabgood\application\libraries\Engine\Content\Widget\Abstract.php(258): Engine_Content_Widget_Abstract->renderScript()
#9 C:\xampp\htdocs\betabgood\application\libraries\Engine\Content\Element\Widget.php(66): Engine_Content_Widget_Abstract->render(NULL)
#10 C:\xampp\htdocs\betabgood\application\libraries\Engine\Content\Element\Abstract.php(583): Engine_Content_Element_Widget->_render()
#11 C:\xampp\htdocs\betabgood\application\libraries\Engine\Content\Decorator\Children.php(31): Engine_Content_Element_Abstract->render()
#12 C:\xampp\htdocs\betabgood\application\libraries\Engine\Content\Element\Abstract.php(594): Engine_Content_Decorator_Children->render('')
#13 C:\xampp\htdocs\betabgood\application\libraries\Engine\Content\Decorator\Children.php(31): Engine_Content_Element_Abstract->render()
#14 C:\xampp\htdocs\betabgood\application\libraries\Engine\Content\Element\Abstract.php(594): Engine_Content_Decorator_Children->render('')
#15 C:\xampp\htdocs\betabgood\application\libraries\Engine\Content\Decorator\Children.php(31): Engine_Content_Element_Abstract->render()
#16 C:\xampp\htdocs\betabgood\application\libraries\Engine\Content\Element\Abstract.php(594): Engine_Content_Decorator_Children->render('')
#17 C:\xampp\htdocs\betabgood\application\libraries\Engine\Content.php(207): Engine_Content_Element_Abstract->render()
#18 C:\xampp\htdocs\betabgood\application\libraries\Engine\Content\Controller\Action\Helper\Content.php(136): Engine_Content->render('core_index_inde...')
#19 C:\xampp\htdocs\betabgood\application\libraries\Engine\Content\Controller\Action\Helper\Content.php(38): Engine_Content_Controller_Action_Helper_Content->render()
#20 C:\xampp\htdocs\betabgood\application\libraries\Zend\Controller\Action\HelperBroker.php(277): Engine_Content_Controller_Action_Helper_Content->postDispatch()
#21 C:\xampp\htdocs\betabgood\application\libraries\Zend\Controller\Action.php(523): Zend_Controller_Action_HelperBroker->notifyPostDispatch()
#22 C:\xampp\htdocs\betabgood\application\libraries\Zend\Controller\Dispatcher\Standard.php(289): Zend_Controller_Action->dispatch('indexAction')
#23 C:\xampp\htdocs\betabgood\application\libraries\Zend\Controller\Front.php(946): Zend_Controller_Dispatcher_Standard->dispatch(Object(Zend_Controller_Request_Http), Object(Zend_Controller_Response_Http))
#24 C:\xampp\htdocs\betabgood\application\modules\Core\Bootstrap.php(75): Zend_Controller_Front->dispatch()
#25 C:\xampp\htdocs\betabgood\application\libraries\Engine\Application.php(160): Core_Bootstrap->run()
#26 C:\xampp\htdocs\betabgood\application\index.php(205): Engine_Application->run()
#27 C:\xampp\htdocs\betabgood\index.php(24): include('C:\xampp\htdocs...')
#28 {main}
2013-04-06T08:59:10+00:00 WARN (4): exception 'Core_Model_Exception' with message 'getSubject was called without first setting a subject.  Use hasSubject to check' in C:\xampp\htdocs\betabgood\application\modules\Core\Api\Core.php:54
Stack trace:
#0 C:\xampp\htdocs\betabgood\application\modules\Activity\View\Helper\ActivityLoop.php(34): Core_Api_Core->getSubject('group')
#1 [internal function]: Activity_View_Helper_ActivityLoop->activityLoop(Array, Array)
#2 C:\xampp\htdocs\betabgood\application\libraries\Zend\View\Abstract.php(342): call_user_func_array(Array, Array)
#3 C:\xampp\htdocs\betabgood\application\modules\Activity\widgets\feed\index.tpl(204): Zend_View_Abstract->__call('activityLoop', Array)
#4 C:\xampp\htdocs\betabgood\application\modules\Activity\widgets\feed\index.tpl(204): Zend_View->activityLoop(Array, Array)
#5 C:\xampp\htdocs\betabgood\application\libraries\Zend\View.php(108): include('C:\xampp\htdocs...')
#6 C:\xampp\htdocs\betabgood\application\libraries\Zend\View\Abstract.php(835): Zend_View->_run('C:\xampp\htdocs...')
#7 C:\xampp\htdocs\betabgood\application\libraries\Engine\Content\Widget\Abstract.php(292): Zend_View_Abstract->render('application/mod...')
#8 C:\xampp\htdocs\betabgood\application\libraries\Engine\Content\Widget\Abstract.php(258): Engine_Content_Widget_Abstract->renderScript()
#9 C:\xampp\htdocs\betabgood\application\libraries\Engine\Content\Element\Widget.php(66): Engine_Content_Widget_Abstract->render(NULL)
#10 C:\xampp\htdocs\betabgood\application\libraries\Engine\Content\Element\Abstract.php(583): Engine_Content_Element_Widget->_render()
#11 C:\xampp\htdocs\betabgood\application\libraries\Engine\Content\Decorator\Children.php(31): Engine_Content_Element_Abstract->render()
#12 C:\xampp\htdocs\betabgood\application\libraries\Engine\Content\Element\Abstract.php(594): Engine_Content_Decorator_Children->render('')
#13 C:\xampp\htdocs\betabgood\application\libraries\Engine\Content\Decorator\Children.php(31): Engine_Content_Element_Abstract->render()
#14 C:\xampp\htdocs\betabgood\application\libraries\Engine\Content\Element\Abstract.php(594): Engine_Content_Decorator_Children->render('')
#15 C:\xampp\htdocs\betabgood\application\libraries\Engine\Content\Decorator\Children.php(31): Engine_Content_Element_Abstract->render()
#16 C:\xampp\htdocs\betabgood\application\libraries\Engine\Content\Element\Abstract.php(594): Engine_Content_Decorator_Children->render('')
#17 C:\xampp\htdocs\betabgood\application\libraries\Engine\Content.php(207): Engine_Content_Element_Abstract->render()
#18 C:\xampp\htdocs\betabgood\application\libraries\Engine\Content\Controller\Action\Helper\Content.php(136): Engine_Content->render('user_index_home')
#19 C:\xampp\htdocs\betabgood\application\libraries\Engine\Content\Controller\Action\Helper\Content.php(38): Engine_Content_Controller_Action_Helper_Content->render()
#20 C:\xampp\htdocs\betabgood\application\libraries\Zend\Controller\Action\HelperBroker.php(277): Engine_Content_Controller_Action_Helper_Content->postDispatch()
#21 C:\xampp\htdocs\betabgood\application\libraries\Zend\Controller\Action.php(523): Zend_Controller_Action_HelperBroker->notifyPostDispatch()
#22 C:\xampp\htdocs\betabgood\application\libraries\Zend\Controller\Dispatcher\Standard.php(289): Zend_Controller_Action->dispatch('homeAction')
#23 C:\xampp\htdocs\betabgood\application\libraries\Zend\Controller\Front.php(946): Zend_Controller_Dispatcher_Standard->dispatch(Object(Zend_Controller_Request_Http), Object(Zend_Controller_Response_Http))
#24 C:\xampp\htdocs\betabgood\application\modules\Core\Bootstrap.php(75): Zend_Controller_Front->dispatch()
#25 C:\xampp\htdocs\betabgood\application\libraries\Engine\Application.php(160): Core_Bootstrap->run()
#26 C:\xampp\htdocs\betabgood\application\index.php(205): Engine_Application->run()
#27 C:\xampp\htdocs\betabgood\index.php(24): include('C:\xampp\htdocs...')
#28 {main}
